<?xml version="1.0" encoding="UTF-8"?>
<testsuite xmlns:xsi="http://www.w3.org/2001/XMLSchema-instance" xsi:noNamespaceSchemaLocation="https://maven.apache.org/surefire/maven-surefire-plugin/xsd/surefire-test-report.xsd" name="tutorial.tdd.tutorialTdd.CalculatorTddTest" time="0.025" tests="7" errors="0" skipped="3" failures="0">
  <properties>
[...]
</properties>
  <testcase name="searchBookNotFound" classname="tutorial.tdd.tutorialTdd.bs.BookBSTest" time="0">
    <skipped message="void tutorial.tdd.tutorialTdd.bs.BookBSTest.searchBookNotFound() throws java.lang.Exception is @Disabled"/>
    <system-out><![CDATA[beforeAllThis
beforeEachDoThis
]]></system-out>
  </testcase>
  <testcase name="testSumWithPositiveIntegerNumbersWithAssumption" classname="tutorial.tdd.tutorialTdd.CalculatorTddTest" time="0.001"/>
  <testcase name="testSumWithPositiveIntegerNumbers" classname="tutorial.tdd.tutorialTdd.CalculatorTddTest" time="0">
    <skipped message="Disabled on operating system: Linux"/>
  </testcase>
  <testcase name="testDivideByZero" classname="tutorial.tdd.tutorialTdd.CalculatorTddTest" time="0.007"/>
  <testcase name="testDivideWithPositiveIntegerNumbers" classname="tutorial.tdd.tutorialTdd.CalculatorTddTest" time="0">
    <skipped message="Disabled on operating system: Linux"/>
  </testcase>
  <testcase name="testSumWithAssertTimeout" classname="tutorial.tdd.tutorialTdd.CalculatorTddTest" time="0.001"/>
  <testcase name="testSumWithAssertTimeoutPreemptively" classname="tutorial.tdd.tutorialTdd.CalculatorTddTest" time="0.001"/>
</testsuite>