<?xml version="1.0" encoding="UTF-8"?>
<testsuite xmlns:xsi="http://www.w3.org/2001/XMLSchema-instance" xsi:noNamespaceSchemaLocation="https://maven.apache.org/surefire/maven-surefire-plugin/xsd/surefire-test-report.xsd" name="tutorial.tdd.tutorialTdd.CalculatorTddTest" time="10.034" tests="5" errors="0" skipped="2" failures="1">
  <properties>
[...]
</properties>
  <testcase name="testSumWithPositiveIntegerNumbers" classname="tutorial.tdd.tutorialTdd.CalculatorTddTest" time="0">
    <skipped message="Disabled on operating system: Linux"/>
    <system-out><![CDATA[beforeAllThis
]]></system-out>
  </testcase>
  <testcase name="testDivideWithPositiveIntegerNumbers" classname="tutorial.tdd.tutorialTdd.CalculatorTddTest" time="0">
    <skipped message="Disabled on operating system: Linux"/>
    <system-out><![CDATA[beforeEachDoThis
beforeEachDoThis
]]></system-out>
  </testcase>
  <testcase name="testDivideByZero" classname="tutorial.tdd.tutorialTdd.CalculatorTddTest" time="0.007"/>
  <testcase name="testSumWithAssertTimeoutPreemptively" classname="tutorial.tdd.tutorialTdd.CalculatorTddTest" time="4.009"/>
  <testcase name="testSumWithAssertTimeout" classname="tutorial.tdd.tutorialTdd.CalculatorTddTest" time="9.974">
    <failure message="execution exceeded timeout of 5000 ms by 5002 ms" type="org.opentest4j.AssertionFailedError">org.opentest4j.AssertionFailedError: execution exceeded timeout of 5000 ms by 5002 ms
	at tutorial.tdd.tutorialTdd.CalculatorTddTest.testSumWithAssertTimeout(CalculatorTddTest.java:104)
</failure>
    <system-out><![CDATA[afterEachDoThis
]]></system-out>
  </testcase>
</testsuite>